# JRE version: Java(TM) SE Runtime Environment (21.0.2+13) (build 21.0.2+13-LTS-58)
# Java VM: Java HotSpot(TM) 64-Bit Server VM (21.0.2+13-LTS-58, mixed mode, sharing, tiered, compressed oops, compressed class ptrs, g1 gc, windows-amd64)
GC Precious Log:
 CardTable entry size: 512
 Card Set container configuration: InlinePtr #cards 5 size 8 Array Of Cards #cards 12 size 40 Howl #buckets 4 coarsen threshold 1843 Howl Bitmap #cards 512 size 80 coarsen threshold 460 Card regions per heap region 1 cards per card region 2048
 CPUs: 8 total, 8 available
 Memory: 8029M
 Large Page Support: Disabled
 NUMA Support: Disabled
 Compressed Oops: Enabled (32-bit)
 Heap Region Size: 1M
 Heap Min Capacity: 8M
 Heap Initial Capacity: 126M
 Heap Max Capacity: 2008M
 Pre-touch: Disabled
 Parallel Workers: 8
 Concurrent Workers: 2
 Concurrent Refinement Workers: 8
 Periodic GC: Disabled
Heap:
 garbage-first heap   total 78848K, used 61109K [0x0000000082800000, 0x0000000100000000)
  region size 1024K, 43 young (44032K), 6 survivors (6144K)
 Metaspace       used 39811K, committed 40384K, reserved 1114112K
  class space    used 5081K, committed 5312K, reserved 1048576K
GC Heap History (14 events):
Event: 0.888 GC heap before
{Heap before GC invocations=0 (full 0):
 garbage-first heap   total 129024K, used 28672K [0x0000000082800000, 0x0000000100000000)
  region size 1024K, 23 young (23552K), 0 survivors (0K)
 Metaspace       used 4351K, committed 4480K, reserved 1114112K
  class space    used 450K, committed 512K, reserved 1048576K
}
Event: 0.901 GC heap after
{Heap after GC invocations=1 (full 0):
 garbage-first heap   total 129024K, used 12885K [0x0000000082800000, 0x0000000100000000)
  region size 1024K, 3 young (3072K), 3 survivors (3072K)
 Metaspace       used 4351K, committed 4480K, reserved 1114112K
  class space    used 450K, committed 512K, reserved 1048576K
}
Event: 1.656 GC heap before
{Heap before GC invocations=1 (full 0):
 garbage-first heap   total 129024K, used 32341K [0x0000000082800000, 0x0000000100000000)
  region size 1024K, 22 young (22528K), 3 survivors (3072K)
 Metaspace       used 9183K, committed 9408K, reserved 1114112K
  class space    used 1074K, committed 1152K, reserved 1048576K
}
Event: 1.664 GC heap after
{Heap after GC invocations=2 (full 0):
 garbage-first heap   total 129024K, used 15645K [0x0000000082800000, 0x0000000100000000)
  region size 1024K, 3 young (3072K), 3 survivors (3072K)
 Metaspace       used 9183K, committed 9408K, reserved 1114112K
  class space    used 1074K, committed 1152K, reserved 1048576K
}
Event: 3.679 GC heap before
{Heap before GC invocations=2 (full 0):
 garbage-first heap   total 129024K, used 54557K [0x0000000082800000, 0x0000000100000000)
  region size 1024K, 42 young (43008K), 3 survivors (3072K)
 Metaspace       used 18495K, committed 18752K, reserved 1114112K
  class space    used 2375K, committed 2496K, reserved 1048576K
}
Event: 3.686 GC heap after
{Heap after GC invocations=3 (full 0):
 garbage-first heap   total 129024K, used 18432K [0x0000000082800000, 0x0000000100000000)
  region size 1024K, 5 young (5120K), 5 survivors (5120K)
 Metaspace       used 18495K, committed 18752K, reserved 1114112K
  class space    used 2375K, committed 2496K, reserved 1048576K
}
Event: 4.028 GC heap before
{Heap before GC invocations=3 (full 0):
 garbage-first heap   total 129024K, used 32768K [0x0000000082800000, 0x0000000100000000)
  region size 1024K, 21 young (21504K), 5 survivors (5120K)
 Metaspace       used 21233K, committed 21504K, reserved 1114112K
  class space    used 2672K, committed 2816K, reserved 1048576K
}
Event: 4.036 GC heap after
{Heap after GC invocations=4 (full 0):
 garbage-first heap   total 129024K, used 20474K [0x0000000082800000, 0x0000000100000000)
  region size 1024K, 7 young (7168K), 7 survivors (7168K)
 Metaspace       used 21233K, committed 21504K, reserved 1114112K
  class space    used 2672K, committed 2816K, reserved 1048576K
}
Event: 4.837 GC heap before
{Heap before GC invocations=5 (full 0):
 garbage-first heap   total 65536K, used 49146K [0x0000000082800000, 0x0000000100000000)
  region size 1024K, 38 young (38912K), 7 survivors (7168K)
 Metaspace       used 25718K, committed 26048K, reserved 1114112K
  class space    used 3277K, committed 3456K, reserved 1048576K
}
Event: 4.853 GC heap after
{Heap after GC invocations=6 (full 0):
 garbage-first heap   total 65536K, used 19797K [0x0000000082800000, 0x0000000100000000)
  region size 1024K, 5 young (5120K), 5 survivors (5120K)
 Metaspace       used 25718K, committed 26048K, reserved 1114112K
  class space    used 3277K, committed 3456K, reserved 1048576K
}
Event: 6.018 GC heap before
{Heap before GC invocations=6 (full 0):
 garbage-first heap   total 65536K, used 51541K [0x0000000082800000, 0x0000000100000000)
  region size 1024K, 35 young (35840K), 5 survivors (5120K)
 Metaspace       used 32106K, committed 32640K, reserved 1114112K
  class space    used 4124K, committed 4352K, reserved 1048576K
}
Event: 6.028 GC heap after
{Heap after GC invocations=7 (full 0):
 garbage-first heap   total 78848K, used 22920K [0x0000000082800000, 0x0000000100000000)
  region size 1024K, 4 young (4096K), 4 survivors (4096K)
 Metaspace       used 32106K, committed 32640K, reserved 1114112K
  class space    used 4124K, committed 4352K, reserved 1048576K
}
Event: 8.205 GC heap before
{Heap before GC invocations=7 (full 0):
 garbage-first heap   total 78848K, used 46472K [0x0000000082800000, 0x0000000100000000)
  region size 1024K, 28 young (28672K), 4 survivors (4096K)
 Metaspace       used 35637K, committed 36160K, reserved 1114112K
  class space    used 4574K, committed 4800K, reserved 1048576K
}
Event: 8.212 GC heap after
{Heap after GC invocations=8 (full 0):
 garbage-first heap   total 78848K, used 25269K [0x0000000082800000, 0x0000000100000000)
  region size 1024K, 6 young (6144K), 6 survivors (6144K)
 Metaspace       used 35637K, committed 36160K, reserved 1114112K
  class space    used 4574K, committed 4800K, reserved 1048576K
}

