GC Precious Log:
 CardTable entry size: 512
 Card Set container configuration: InlinePtr #cards 5 size 8 Array Of Cards #cards 10 size 36 Howl #buckets 4 coarsen threshold 1843 Howl Bitmap #cards 512 size 80 coarsen threshold 460 Card regions per heap region 1 cards per card region 2048
 CPUs: 8 total, 8 available
 Memory: 8029M
 Large Page Support: Disabled
 NUMA Support: Disabled
 Compressed Oops: Enabled (32-bit)
 Heap Region Size: 1M
 Heap Min Capacity: 8M
 Heap Initial Capacity: 126M
 Heap Max Capacity: 2008M
 Pre-touch: Disabled
 Parallel Workers: 8
 Concurrent Workers: 2
 Concurrent Refinement Workers: 8
 Periodic GC: Disabled
Heap:
 garbage-first heap   total reserved 2056192K, committed 82944K, used 69568K [0x0000000082800000, 0x0000000100000000)
  region size 1024K, 29 young (29696K), 1 survivors (1024K)
 Metaspace       used 61260K, committed 61952K, reserved 1114112K
  class space    used 6789K, committed 7104K, reserved 1048576K
GC Heap History (20 events):
Event: 4.848 GC heap before
{Heap before GC invocations=4 (full 0):
 garbage-first heap   total reserved 2056192K, committed 68608K, used 59315K [0x0000000082800000, 0x0000000100000000)
  region size 1024K, 40 young (40960K), 1 survivors (1024K)
 Metaspace       used 25567K, committed 25920K, reserved 1114112K
  class space    used 2531K, committed 2688K, reserved 1048576K
}
Event: 4.854 GC heap after
{Heap after GC invocations=5 (full 0):
 garbage-first heap   total reserved 2056192K, committed 68608K, used 22522K [0x0000000082800000, 0x0000000100000000)
  region size 1024K, 4 young (4096K), 4 survivors (4096K)
 Metaspace       used 25567K, committed 25920K, reserved 1114112K
  class space    used 2531K, committed 2688K, reserved 1048576K
}
Event: 5.412 GC heap before
{Heap before GC invocations=5 (full 0):
 garbage-first heap   total reserved 2056192K, committed 68608K, used 52218K [0x0000000082800000, 0x0000000100000000)
  region size 1024K, 32 young (32768K), 4 survivors (4096K)
 Metaspace       used 30483K, committed 30848K, reserved 1114112K
  class space    used 3119K, committed 3264K, reserved 1048576K
}
Event: 5.420 GC heap after
{Heap after GC invocations=6 (full 0):
 garbage-first heap   total reserved 2056192K, committed 68608K, used 24794K [0x0000000082800000, 0x0000000100000000)
  region size 1024K, 3 young (3072K), 3 survivors (3072K)
 Metaspace       used 30483K, committed 30848K, reserved 1114112K
  class space    used 3119K, committed 3264K, reserved 1048576K
}
Event: 5.921 GC heap before
{Heap before GC invocations=6 (full 0):
 garbage-first heap   total reserved 2056192K, committed 68608K, used 53466K [0x0000000082800000, 0x0000000100000000)
  region size 1024K, 31 young (31744K), 3 survivors (3072K)
 Metaspace       used 32669K, committed 33088K, reserved 1114112K
  class space    used 3380K, committed 3584K, reserved 1048576K
}
Event: 5.926 GC heap after
{Heap after GC invocations=7 (full 0):
 garbage-first heap   total reserved 2056192K, committed 68608K, used 25900K [0x0000000082800000, 0x0000000100000000)
  region size 1024K, 2 young (2048K), 2 survivors (2048K)
 Metaspace       used 32669K, committed 33088K, reserved 1114112K
  class space    used 3380K, committed 3584K, reserved 1048576K
}
Event: 6.205 GC heap before
{Heap before GC invocations=7 (full 0):
 garbage-first heap   total reserved 2056192K, committed 68608K, used 40236K [0x0000000082800000, 0x0000000100000000)
  region size 1024K, 17 young (17408K), 2 survivors (2048K)
 Metaspace       used 35545K, committed 35968K, reserved 1114112K
  class space    used 3721K, committed 3904K, reserved 1048576K
}
Event: 6.210 GC heap after
{Heap after GC invocations=8 (full 0):
 garbage-first heap   total reserved 2056192K, committed 68608K, used 26905K [0x0000000082800000, 0x0000000100000000)
  region size 1024K, 3 young (3072K), 3 survivors (3072K)
 Metaspace       used 35545K, committed 35968K, reserved 1114112K
  class space    used 3721K, committed 3904K, reserved 1048576K
}
Event: 6.638 GC heap before
{Heap before GC invocations=9 (full 0):
 garbage-first heap   total reserved 2056192K, committed 68608K, used 56601K [0x0000000082800000, 0x0000000100000000)
  region size 1024K, 32 young (32768K), 3 survivors (3072K)
 Metaspace       used 39674K, committed 40064K, reserved 1114112K
  class space    used 4187K, committed 4352K, reserved 1048576K
}
Event: 6.645 GC heap after
{Heap after GC invocations=10 (full 0):
 garbage-first heap   total reserved 2056192K, committed 68608K, used 30224K [0x0000000082800000, 0x0000000100000000)
  region size 1024K, 4 young (4096K), 4 survivors (4096K)
 Metaspace       used 39674K, committed 40064K, reserved 1114112K
  class space    used 4187K, committed 4352K, reserved 1048576K
}
Event: 6.894 GC heap before
{Heap before GC invocations=10 (full 0):
 garbage-first heap   total reserved 2056192K, committed 68608K, used 57872K [0x0000000082800000, 0x0000000100000000)
  region size 1024K, 31 young (31744K), 4 survivors (4096K)
 Metaspace       used 41927K, committed 42368K, reserved 1114112K
  class space    used 4492K, committed 4672K, reserved 1048576K
}
Event: 6.899 GC heap after
{Heap after GC invocations=11 (full 0):
 garbage-first heap   total reserved 2056192K, committed 68608K, used 33713K [0x0000000082800000, 0x0000000100000000)
  region size 1024K, 4 young (4096K), 4 survivors (4096K)
 Metaspace       used 41927K, committed 42368K, reserved 1114112K
  class space    used 4492K, committed 4672K, reserved 1048576K
}
Event: 8.372 GC heap before
{Heap before GC invocations=11 (full 0):
 garbage-first heap   total reserved 2056192K, committed 68608K, used 58289K [0x0000000082800000, 0x0000000100000000)
  region size 1024K, 28 young (28672K), 4 survivors (4096K)
 Metaspace       used 45531K, committed 46016K, reserved 1114112K
  class space    used 5051K, committed 5248K, reserved 1048576K
}
Event: 8.376 GC heap after
{Heap after GC invocations=12 (full 0):
 garbage-first heap   total reserved 2056192K, committed 82944K, used 36219K [0x0000000082800000, 0x0000000100000000)
  region size 1024K, 3 young (3072K), 3 survivors (3072K)
 Metaspace       used 45531K, committed 46016K, reserved 1114112K
  class space    used 5051K, committed 5248K, reserved 1048576K
}
Event: 10.037 GC heap before
{Heap before GC invocations=12 (full 0):
 garbage-first heap   total reserved 2056192K, committed 82944K, used 70011K [0x0000000082800000, 0x0000000100000000)
  region size 1024K, 36 young (36864K), 3 survivors (3072K)
 Metaspace       used 51171K, committed 51776K, reserved 1114112K
  class space    used 5742K, committed 6016K, reserved 1048576K
}
Event: 10.042 GC heap after
{Heap after GC invocations=13 (full 0):
 garbage-first heap   total reserved 2056192K, committed 82944K, used 38847K [0x0000000082800000, 0x0000000100000000)
  region size 1024K, 5 young (5120K), 5 survivors (5120K)
 Metaspace       used 51171K, committed 51776K, reserved 1114112K
  class space    used 5742K, committed 6016K, reserved 1048576K
}
Event: 68.091 GC heap before
{Heap before GC invocations=13 (full 0):
 garbage-first heap   total reserved 2056192K, committed 82944K, used 71615K [0x0000000082800000, 0x0000000100000000)
  region size 1024K, 38 young (38912K), 5 survivors (5120K)
 Metaspace       used 59363K, committed 60032K, reserved 1114112K
  class space    used 6737K, committed 7040K, reserved 1048576K
}
Event: 68.098 GC heap after
{Heap after GC invocations=14 (full 0):
 garbage-first heap   total reserved 2056192K, committed 82944K, used 41259K [0x0000000082800000, 0x0000000100000000)
  region size 1024K, 3 young (3072K), 3 survivors (3072K)
 Metaspace       used 59363K, committed 60032K, reserved 1114112K
  class space    used 6737K, committed 7040K, reserved 1048576K
}
Event: 68.347 GC heap before
{Heap before GC invocations=14 (full 0):
 garbage-first heap   total reserved 2056192K, committed 82944K, used 43307K [0x0000000082800000, 0x0000000100000000)
  region size 1024K, 6 young (6144K), 3 survivors (3072K)
 Metaspace       used 59683K, committed 60288K, reserved 1114112K
  class space    used 6776K, committed 7040K, reserved 1048576K
}
Event: 68.350 GC heap after
{Heap after GC invocations=15 (full 0):
 garbage-first heap   total reserved 2056192K, committed 82944K, used 41920K [0x0000000082800000, 0x0000000100000000)
  region size 1024K, 1 young (1024K), 1 survivors (1024K)
 Metaspace       used 59683K, committed 60288K, reserved 1114112K
  class space    used 6776K, committed 7040K, reserved 1048576K
}

